Mono path[0] = 'C:/Users/wenjy/Desktop/DIA_result/walker_with_ppo/UnityEnvironment_Data/Managed'
Mono config path = 'C:/Users/wenjy/Desktop/DIA_result/walker_with_ppo/MonoBleedingEdge/etc'
Initialize engine version: 2020.3.25f1 (9b9180224418)
[Subsystems] Discovering subsystems at path C:/Users/wenjy/Desktop/DIA_result/walker_with_ppo/UnityEnvironment_Data/UnitySubsystems
GfxDevice: creating device client; threaded=1
Direct3D:
    Version:  Direct3D 11.0 [level 11.1]
    Renderer: NVIDIA GeForce RTX 3070 Laptop GPU (ID=0x249d)
    Vendor:   
    VRAM:     8044 MB
    Driver:   30.0.15.1179
Begin MonoManager ReloadAssembly
- Completed reload, in  0.068 seconds
<RI> Initializing input.
New input system (experimental) initialized
<RI> Input initialized.
<RI> Initialized touch support.
UnloadTime: 0.461300 ms
Fallback handler could not load library C:/Users/wenjy/Desktop/DIA_result/walker_with_ppo/UnityEnvironment_Data/Mono/libcoreclr.so
Fallback handler could not load library C:/Users/wenjy/Desktop/DIA_result/walker_with_ppo/UnityEnvironment_Data/Mono/libcoreclr.so.dll
Fallback handler could not load library C:/Users/wenjy/Desktop/DIA_result/walker_with_ppo/UnityEnvironment_Data/Mono/libcoreclr.so
Fallback handler could not load library C:/Users/wenjy/Desktop/DIA_result/walker_with_ppo/UnityEnvironment_Data/Mono/libdl.so
Fallback handler could not load library C:/Users/wenjy/Desktop/DIA_result/walker_with_ppo/UnityEnvironment_Data/Mono/libdl.so.dll
Fallback handler could not load library C:/Users/wenjy/Desktop/DIA_result/walker_with_ppo/UnityEnvironment_Data/Mono/libdl.so
Fallback handler could not load library C:/Users/wenjy/Desktop/DIA_result/walker_with_ppo/UnityEnvironment_Data/Mono/libSystem.dylib
Fallback handler could not load library C:/Users/wenjy/Desktop/DIA_result/walker_with_ppo/UnityEnvironment_Data/Mono/libSystem.dylib.dll
Fallback handler could not load library C:/Users/wenjy/Desktop/DIA_result/walker_with_ppo/UnityEnvironment_Data/Mono/libSystem.dylib
Fallback handler could not load library C:/Users/wenjy/Desktop/DIA_result/walker_with_ppo/UnityEnvironment_Data/Mono/libcoreclr.so
Fallback handler could not load library C:/Users/wenjy/Desktop/DIA_result/walker_with_ppo/UnityEnvironment_Data/Mono/libcoreclr.so.dll
Fallback handler could not load library C:/Users/wenjy/Desktop/DIA_result/walker_with_ppo/UnityEnvironment_Data/Mono/libcoreclr.so
Fallback handler could not load library C:/Users/wenjy/Desktop/DIA_result/walker_with_ppo/UnityEnvironment_Data/Mono/libdl.so
Fallback handler could not load library C:/Users/wenjy/Desktop/DIA_result/walker_with_ppo/UnityEnvironment_Data/Mono/libdl.so.dll
Fallback handler could not load library C:/Users/wenjy/Desktop/DIA_result/walker_with_ppo/UnityEnvironment_Data/Mono/libdl.so
Fallback handler could not load library C:/Users/wenjy/Desktop/DIA_result/walker_with_ppo/UnityEnvironment_Data/Mono/libSystem.dylib
Fallback handler could not load library C:/Users/wenjy/Desktop/DIA_result/walker_with_ppo/UnityEnvironment_Data/Mono/libSystem.dylib.dll
Fallback handler could not load library C:/Users/wenjy/Desktop/DIA_result/walker_with_ppo/UnityEnvironment_Data/Mono/libSystem.dylib
Setting up 8 worker threads for Enlighten.
  Thread -> id: 8178 -> priority: 1 
  Thread -> id: 4808 -> priority: 1 
  Thread -> id: 14ac -> priority: 1 
  Thread -> id: 8f1c -> priority: 1 
  Thread -> id: 5608 -> priority: 1 
  Thread -> id: 6fbc -> priority: 1 
  Thread -> id: 19a4 -> priority: 1 
  Thread -> id: 7cb4 -> priority: 1 
